#
# There is insufficient memory for the Java Runtime Environment to continue.
# Native memory allocation (malloc) failed to allocate 2089456 bytes for Chunk::new
# Possible reasons:
#   The system is out of physical RAM or swap space
#   The process is running with CompressedOops enabled, and the Java Heap may be blocking the growth of the native heap
# Possible solutions:
#   Reduce memory load on the system
#   Increase physical memory or swap space
#   Check if swap backing store is full
#   Decrease Java heap size (-Xmx/-Xms)
#   Decrease number of Java threads
#   Decrease Java thread stack sizes (-Xss)
#   Set larger code cache with -XX:ReservedCodeCacheSize=
#   JVM is running with Unscaled Compressed Oops mode in which the Java heap is
#     placed in the first 4GB address space. The Java Heap base address is the
#     maximum limit for the native heap growth. Please use -XX:HeapBaseMinAddress
#     to set the Java Heap base and to place the Java Heap above 4GB virtual address.
# This output file may be truncated or incomplete.
#
#  Out of Memory Error (./src/hotspot/share/memory/arena.cpp:197), pid=12128, tid=11192
#
# JRE version: OpenJDK Runtime Environment (11.0.11+9) (build 11.0.11+9-b60-7590822)
# Java VM: OpenJDK 64-Bit Server VM (11.0.11+9-b60-7590822, mixed mode, tiered, compressed oops, g1 gc, windows-amd64)
# No core dump will be written. Minidumps are not enabled by default on client versions of Windows
#

---------------  S U M M A R Y ------------

Command Line: org.jetbrains.kotlin.cli.jvm.K2JVMCompiler @C:\Users\Sharon\Android Course\e1\app\build\20220226_10427297544102085924.compiler.options

Host: Intel(R) Core(TM) i5-8250U CPU @ 1.60GHz, 8 cores, 7G,  Windows 10 , 64 bit Build 19041 (10.0.19041.1503)
Time: Sat Feb 26 13:23:36 2022 Jerusalem Standard Time elapsed time: 6.701242 seconds (0d 0h 0m 6s)

---------------  T H R E A D  ---------------

Current thread (0x000001487b2e1800):  JavaThread "C2 CompilerThread0" daemon [_thread_in_native, id=11192, stack(0x0000003b32500000,0x0000003b32600000)]


Current CompileTask:
C2:   6701 4878       4       jdk.internal.loader.BuiltinClassLoader::loadClass (22 bytes)

Stack: [0x0000003b32500000,0x0000003b32600000]
Native frames: (J=compiled Java code, j=interpreted, Vv=VM code, C=native code)
V  [jvm.dll+0x5f214a]
V  [jvm.dll+0x726fb5]
V  [jvm.dll+0x7285cd]
V  [jvm.dll+0x728c83]
V  [jvm.dll+0x243278]
V  [jvm.dll+0xbc53c]
V  [jvm.dll+0xbca3c]
V  [jvm.dll+0x353e7d]
V  [jvm.dll+0x19895c]
V  [jvm.dll+0x1fc2ee]
V  [jvm.dll+0x1fb3d4]
V  [jvm.dll+0x183d6c]
V  [jvm.dll+0x209a57]
V  [jvm.dll+0x2082a1]
V  [jvm.dll+0x6ef58f]
V  [jvm.dll+0x6e80b5]
V  [jvm.dll+0x5f1036]
C  [ucrtbase.dll+0x21bb2]
C  [KERNEL32.DLL+0x17034]
C  [ntdll.dll+0x52651]


---------------  P R O C E S S  ---------------

Threads class SMR info:
_java_thread_list=0x000001487ba4cef0, length=11, elements={
0x000001485e5eb000, 0x000001487a949800, 0x000001487a94b000, 0x000001487b2d9800,
0x000001487b2db800, 0x000001487b2dd000, 0x000001487b2e1800, 0x000001487a96c800,
0x000001487a976000, 0x000001487b438000, 0x000001487e33a800
}

Java Threads: ( => current thread )
  0x000001485e5eb000 JavaThread "main" [_thread_in_native, id=7644, stack(0x0000003b31900000,0x0000003b31a00000)]
  0x000001487a949800 JavaThread "Reference Handler" daemon [_thread_blocked, id=1224, stack(0x0000003b32000000,0x0000003b32100000)]
  0x000001487a94b000 JavaThread "Finalizer" daemon [_thread_blocked, id=9972, stack(0x0000003b32100000,0x0000003b32200000)]
  0x000001487b2d9800 JavaThread "Signal Dispatcher" daemon [_thread_blocked, id=10556, stack(0x0000003b32200000,0x0000003b32300000)]
  0x000001487b2db800 JavaThread "Attach Listener" daemon [_thread_blocked, id=12276, stack(0x0000003b32300000,0x0000003b32400000)]
  0x000001487b2dd000 JavaThread "Service Thread" daemon [_thread_blocked, id=2768, stack(0x0000003b32400000,0x0000003b32500000)]
=>0x000001487b2e1800 JavaThread "C2 CompilerThread0" daemon [_thread_in_native, id=11192, stack(0x0000003b32500000,0x0000003b32600000)]
  0x000001487a96c800 JavaThread "C1 CompilerThread0" daemon [_thread_in_native, id=9400, stack(0x0000003b32600000,0x0000003b32700000)]
  0x000001487a976000 JavaThread "Sweeper thread" daemon [_thread_blocked, id=10400, stack(0x0000003b32700000,0x0000003b32800000)]
  0x000001487b438000 JavaThread "Common-Cleaner" daemon [_thread_blocked, id=11740, stack(0x0000003b32900000,0x0000003b32a00000)]
  0x000001487e33a800 JavaThread "C2 CompilerThread1" daemon [_thread_in_native, id=13060, stack(0x0000003b32c00000,0x0000003b32d00000)]

Other Threads:
  0x000001487a946000 VMThread "VM Thread" [stack: 0x0000003b31f00000,0x0000003b32000000] [id=13036]
  0x000001487b431000 WatcherThread [stack: 0x0000003b32800000,0x0000003b32900000] [id=13648]
  0x000001485e603000 GCTaskThread "GC Thread#0" [stack: 0x0000003b31a00000,0x0000003b31b00000] [id=2300]
  0x000001487b9c5800 GCTaskThread "GC Thread#1" [stack: 0x0000003b32a00000,0x0000003b32b00000] [id=11044]
  0x000001487b9c6000 GCTaskThread "GC Thread#2" [stack: 0x0000003b32b00000,0x0000003b32c00000] [id=8568]
  0x000001485e633800 ConcurrentGCThread "G1 Main Marker" [stack: 0x0000003b31b00000,0x0000003b31c00000] [id=13472]
  0x000001485e635000 ConcurrentGCThread "G1 Conc#0" [stack: 0x0000003b31c00000,0x0000003b31d00000] [id=8832]
  0x000001487c5f5000 ConcurrentGCThread "G1 Conc#1" [stack: 0x0000003b32d00000,0x0000003b32e00000] [id=12812]
  0x000001485e6c9000 ConcurrentGCThread "G1 Refine#0" [stack: 0x0000003b31d00000,0x0000003b31e00000] [id=8128]
  0x000001487eb65800 ConcurrentGCThread "G1 Refine#1" [stack: 0x0000003b32e00000,0x0000003b32f00000] [id=1992]
  0x000001487a791800 ConcurrentGCThread "G1 Young RemSet Sampling" [stack: 0x0000003b31e00000,0x0000003b31f00000] [id=1268]

Threads with active compile tasks:
C2 CompilerThread0   6726 4878       4       jdk.internal.loader.BuiltinClassLoader::loadClass (22 bytes)
C1 CompilerThread0   6726 5140   !   2       org.jetbrains.kotlin.metadata.ProtoBuf$TypeTable::<init> (344 bytes)
C2 CompilerThread1   6726 4897   !   4       jdk.internal.loader.BuiltinClassLoader::findClassOnClassPathOrNull (64 bytes)

VM state:not at safepoint (normal execution)

VM Mutex/Monitor currently owned by a thread: None

Heap address: 0x0000000081a00000, size: 2022 MB, Compressed Oops mode: 32-bit
Narrow klass base: 0x0000000000000000, Narrow klass shift: 3
Compressed class space size: 1073741824 Address: 0x0000000100000000

Heap:
 garbage-first heap   total 157696K, used 94464K [0x0000000081a00000, 0x0000000100000000)
  region size 1024K, 66 young (67584K), 9 survivors (9216K)
 Metaspace       used 55306K, capacity 55858K, committed 56064K, reserved 1099776K
  class space    used 6355K, capacity 6565K, committed 6656K, reserved 1048576K
Heap Regions: E=young(eden), S=young(survivor), O=old, HS=humongous(starts), HC=humongous(continues), CS=collection set, F=free, A=archive, TAMS=top-at-mark-start (previous, next)
|   0|0x0000000081a00000, 0x0000000081b00000, 0x0000000081b00000|100%|HS|  |TAMS 0x0000000081b00000, 0x0000000081a00000| Complete 
|   1|0x0000000081b00000, 0x0000000081c00000, 0x0000000081c00000|100%|HC|  |TAMS 0x0000000081c00000, 0x0000000081b00000| Complete 
|   2|0x0000000081c00000, 0x0000000081d00000, 0x0000000081d00000|100%|HC|  |TAMS 0x0000000081d00000, 0x0000000081c00000| Complete 
|   3|0x0000000081d00000, 0x0000000081e00000, 0x0000000081e00000|100%|HS|  |TAMS 0x0000000081e00000, 0x0000000081d00000| Complete 
|   4|0x0000000081e00000, 0x0000000081f00000, 0x0000000081f00000|100%|HC|  |TAMS 0x0000000081f00000, 0x0000000081e00000| Complete 
|   5|0x0000000081f00000, 0x0000000082000000, 0x0000000082000000|100%|HC|  |TAMS 0x0000000082000000, 0x0000000081f00000| Complete 
|   6|0x0000000082000000, 0x0000000082100000, 0x0000000082100000|100%|HS|  |TAMS 0x0000000082100000, 0x0000000082000000| Complete 
|   7|0x0000000082100000, 0x0000000082200000, 0x0000000082200000|100%|HC|  |TAMS 0x0000000082200000, 0x0000000082100000| Complete 
|   8|0x0000000082200000, 0x0000000082300000, 0x0000000082300000|100%|HC|  |TAMS 0x0000000082300000, 0x0000000082200000| Complete 
|   9|0x0000000082300000, 0x0000000082400000, 0x0000000082400000|100%| O|  |TAMS 0x0000000082400000, 0x0000000082300000| Untracked 
|  10|0x0000000082400000, 0x0000000082500000, 0x0000000082500000|100%| O|  |TAMS 0x0000000082500000, 0x0000000082400000| Untracked 
|  11|0x0000000082500000, 0x0000000082600000, 0x0000000082600000|100%| O|  |TAMS 0x0000000082600000, 0x0000000082500000| Untracked 
|  12|0x0000000082600000, 0x0000000082700000, 0x0000000082700000|100%| O|  |TAMS 0x0000000082700000, 0x0000000082600000| Untracked 
|  13|0x0000000082700000, 0x0000000082800000, 0x0000000082800000|100%|HS|  |TAMS 0x0000000082800000, 0x0000000082700000| Complete 
|  14|0x0000000082800000, 0x0000000082900000, 0x0000000082900000|100%|HC|  |TAMS 0x0000000082900000, 0x0000000082800000| Complete 
|  15|0x0000000082900000, 0x0000000082a00000, 0x0000000082a00000|100%| O|  |TAMS 0x0000000082a00000, 0x0000000082900000| Untracked 
|  16|0x0000000082a00000, 0x0000000082b00000, 0x0000000082b00000|100%| O|  |TAMS 0x0000000082b00000, 0x0000000082a00000| Untracked 
|  17|0x0000000082b00000, 0x0000000082c00000, 0x0000000082c00000|100%| O|  |TAMS 0x0000000082c00000, 0x0000000082b00000| Untracked 
|  18|0x0000000082c00000, 0x0000000082d00000, 0x0000000082d00000|100%| O|  |TAMS 0x0000000082d00000, 0x0000000082c00000| Untracked 
|  19|0x0000000082d00000, 0x0000000082e00000, 0x0000000082e00000|100%| O|  |TAMS 0x0000000082e00000, 0x0000000082d00000| Untracked 
|  20|0x0000000082e00000, 0x0000000082f00000, 0x0000000082f00000|100%| O|  |TAMS 0x0000000082f00000, 0x0000000082e00000| Untracked 
|  21|0x0000000082f00000, 0x0000000083000000, 0x0000000083000000|100%| O|  |TAMS 0x0000000083000000, 0x0000000082f00000| Untracked 
|  22|0x0000000083000000, 0x0000000083100000, 0x0000000083100000|100%| O|  |TAMS 0x0000000083100000, 0x0000000083000000| Untracked 
|  23|0x0000000083100000, 0x0000000083200000, 0x0000000083200000|100%| O|  |TAMS 0x000000008313f200, 0x0000000083100000| Untracked 
|  24|0x0000000083200000, 0x0000000083200000, 0x0000000083300000|  0%| F|  |TAMS 0x0000000083200000, 0x0000000083200000| Untracked 
|  25|0x0000000083300000, 0x0000000083400000, 0x0000000083400000|100%| O|  |TAMS 0x0000000083300000, 0x0000000083300000| Untracked 
|  26|0x0000000083400000, 0x0000000083500000, 0x0000000083500000|100%| O|  |TAMS 0x0000000083400000, 0x0000000083400000| Untracked 
|  27|0x0000000083500000, 0x0000000083600000, 0x0000000083600000|100%| O|  |TAMS 0x0000000083500000, 0x0000000083500000| Untracked 
|  28|0x0000000083600000, 0x0000000083640000, 0x0000000083700000| 25%| O|  |TAMS 0x0000000083600000, 0x0000000083600000| Untracked 
|  29|0x0000000083700000, 0x0000000083700000, 0x0000000083800000|  0%| F|  |TAMS 0x0000000083700000, 0x0000000083700000| Untracked 
|  30|0x0000000083800000, 0x0000000083800000, 0x0000000083900000|  0%| F|  |TAMS 0x0000000083800000, 0x0000000083800000| Untracked 
|  31|0x0000000083900000, 0x0000000083900000, 0x0000000083a00000|  0%| F|  |TAMS 0x0000000083900000, 0x0000000083900000| Untracked 
|  32|0x0000000083a00000, 0x0000000083a00000, 0x0000000083b00000|  0%| F|  |TAMS 0x0000000083a00000, 0x0000000083a00000| Untracked 
|  33|0x0000000083b00000, 0x0000000083b00000, 0x0000000083c00000|  0%| F|  |TAMS 0x0000000083b00000, 0x0000000083b00000| Untracked 
|  34|0x0000000083c00000, 0x0000000083c00000, 0x0000000083d00000|  0%| F|  |TAMS 0x0000000083c00000, 0x0000000083c00000| Untracked 
|  35|0x0000000083d00000, 0x0000000083d00000, 0x0000000083e00000|  0%| F|  |TAMS 0x0000000083d00000, 0x0000000083d00000| Untracked 
|  36|0x0000000083e00000, 0x0000000083e00000, 0x0000000083f00000|  0%| F|  |TAMS 0x0000000083e00000, 0x0000000083e00000| Untracked 
|  37|0x0000000083f00000, 0x0000000083f00000, 0x0000000084000000|  0%| F|  |TAMS 0x0000000083f00000, 0x0000000083f00000| Untracked 
|  38|0x0000000084000000, 0x0000000084000000, 0x0000000084100000|  0%| F|  |TAMS 0x0000000084000000, 0x0000000084000000| Untracked 
|  39|0x0000000084100000, 0x0000000084100000, 0x0000000084200000|  0%| F|  |TAMS 0x0000000084100000, 0x0000000084100000| Untracked 
|  40|0x0000000084200000, 0x0000000084200000, 0x0000000084300000|  0%| F|  |TAMS 0x0000000084200000, 0x0000000084200000| Untracked 
|  41|0x0000000084300000, 0x0000000084300000, 0x0000000084400000|  0%| F|  |TAMS 0x0000000084300000, 0x0000000084300000| Untracked 
|  42|0x0000000084400000, 0x0000000084400000, 0x0000000084500000|  0%| F|  |TAMS 0x0000000084400000, 0x0000000084400000| Untracked 
|  43|0x0000000084500000, 0x0000000084500000, 0x0000000084600000|  0%| F|  |TAMS 0x0000000084500000, 0x0000000084500000| Untracked 
|  44|0x0000000084600000, 0x0000000084600000, 0x0000000084700000|  0%| F|  |TAMS 0x0000000084600000, 0x0000000084600000| Untracked 
|  45|0x0000000084700000, 0x0000000084700000, 0x0000000084800000|  0%| F|  |TAMS 0x0000000084700000, 0x0000000084700000| Untracked 
|  46|0x0000000084800000, 0x0000000084800000, 0x0000000084900000|  0%| F|  |TAMS 0x0000000084800000, 0x0000000084800000| Untracked 
|  47|0x0000000084900000, 0x0000000084900000, 0x0000000084a00000|  0%| F|  |TAMS 0x0000000084900000, 0x0000000084900000| Untracked 
|  48|0x0000000084a00000, 0x0000000084a00000, 0x0000000084b00000|  0%| F|  |TAMS 0x0000000084a00000, 0x0000000084a00000| Untracked 
|  49|0x0000000084b00000, 0x0000000084b00000, 0x0000000084c00000|  0%| F|  |TAMS 0x0000000084b00000, 0x0000000084b00000| Untracked 
|  50|0x0000000084c00000, 0x0000000084c00000, 0x0000000084d00000|  0%| F|  |TAMS 0x0000000084c00000, 0x0000000084c00000| Untracked 
|  51|0x0000000084d00000, 0x0000000084d00000, 0x0000000084e00000|  0%| F|  |TAMS 0x0000000084d00000, 0x0000000084d00000| Untracked 
|  52|0x0000000084e00000, 0x0000000084e00000, 0x0000000084f00000|  0%| F|  |TAMS 0x0000000084e00000, 0x0000000084e00000| Untracked 
|  53|0x0000000084f00000, 0x0000000084f00000, 0x0000000085000000|  0%| F|  |TAMS 0x0000000084f00000, 0x0000000084f00000| Untracked 
|  54|0x0000000085000000, 0x0000000085000000, 0x0000000085100000|  0%| F|  |TAMS 0x0000000085000000, 0x0000000085000000| Untracked 
|  55|0x0000000085100000, 0x0000000085100000, 0x0000000085200000|  0%| F|  |TAMS 0x0000000085100000, 0x0000000085100000| Untracked 
|  56|0x0000000085200000, 0x0000000085200000, 0x0000000085300000|  0%| F|  |TAMS 0x0000000085200000, 0x0000000085200000| Untracked 
|  57|0x0000000085300000, 0x0000000085300000, 0x0000000085400000|  0%| F|  |TAMS 0x0000000085300000, 0x0000000085300000| Untracked 
|  58|0x0000000085400000, 0x0000000085400000, 0x0000000085500000|  0%| F|  |TAMS 0x0000000085400000, 0x0000000085400000| Untracked 
|  59|0x0000000085500000, 0x0000000085500000, 0x0000000085600000|  0%| F|  |TAMS 0x0000000085500000, 0x0000000085500000| Untracked 
|  60|0x0000000085600000, 0x0000000085600000, 0x0000000085700000|  0%| F|  |TAMS 0x0000000085600000, 0x0000000085600000| Untracked 
|  61|0x0000000085700000, 0x0000000085700000, 0x0000000085800000|  0%| F|  |TAMS 0x0000000085700000, 0x0000000085700000| Untracked 
|  62|0x0000000085800000, 0x0000000085800000, 0x0000000085900000|  0%| F|  |TAMS 0x0000000085800000, 0x0000000085800000| Untracked 
|  63|0x0000000085900000, 0x0000000085900000, 0x0000000085a00000|  0%| F|  |TAMS 0x0000000085900000, 0x0000000085900000| Untracked 
|  64|0x0000000085a00000, 0x0000000085a00000, 0x0000000085b00000|  0%| F|  |TAMS 0x0000000085a00000, 0x0000000085a00000| Untracked 
|  65|0x0000000085b00000, 0x0000000085b00000, 0x0000000085c00000|  0%| F|  |TAMS 0x0000000085b00000, 0x0000000085b00000| Untracked 
|  66|0x0000000085c00000, 0x0000000085c00000, 0x0000000085d00000|  0%| F|  |TAMS 0x0000000085c00000, 0x0000000085c00000| Untracked 
|  67|0x0000000085d00000, 0x0000000085d00000, 0x0000000085e00000|  0%| F|  |TAMS 0x0000000085d00000, 0x0000000085d00000| Untracked 
|  68|0x0000000085e00000, 0x0000000085e00000, 0x0000000085f00000|  0%| F|  |TAMS 0x0000000085e00000, 0x0000000085e00000| Untracked 
|  69|0x0000000085f00000, 0x0000000085f00000, 0x0000000086000000|  0%| F|  |TAMS 0x0000000085f00000, 0x0000000085f00000| Untracked 
|  70|0x0000000086000000, 0x0000000086000000, 0x0000000086100000|  0%| F|  |TAMS 0x0000000086000000, 0x0000000086000000| Untracked 
|  71|0x0000000086100000, 0x0000000086100000, 0x0000000086200000|  0%| F|  |TAMS 0x0000000086100000, 0x0000000086100000| Untracked 
|  72|0x0000000086200000, 0x0000000086200000, 0x0000000086300000|  0%| F|  |TAMS 0x0000000086200000, 0x0000000086200000| Untracked 
|  73|0x0000000086300000, 0x0000000086300000, 0x0000000086400000|  0%| F|  |TAMS 0x0000000086300000, 0x0000000086300000| Untracked 
|  74|0x0000000086400000, 0x0000000086400000, 0x0000000086500000|  0%| F|  |TAMS 0x0000000086400000, 0x0000000086400000| Untracked 
|  75|0x0000000086500000, 0x0000000086500000, 0x0000000086600000|  0%| F|  |TAMS 0x0000000086500000, 0x0000000086500000| Untracked 
|  76|0x0000000086600000, 0x0000000086600000, 0x0000000086700000|  0%| F|  |TAMS 0x0000000086600000, 0x0000000086600000| Untracked 
|  77|0x0000000086700000, 0x0000000086700000, 0x0000000086800000|  0%| F|  |TAMS 0x0000000086700000, 0x0000000086700000| Untracked 
|  78|0x0000000086800000, 0x0000000086800000, 0x0000000086900000|  0%| F|  |TAMS 0x0000000086800000, 0x0000000086800000| Untracked 
|  79|0x0000000086900000, 0x0000000086900000, 0x0000000086a00000|  0%| F|  |TAMS 0x0000000086900000, 0x0000000086900000| Untracked 
|  80|0x0000000086a00000, 0x0000000086a00000, 0x0000000086b00000|  0%| F|  |TAMS 0x0000000086a00000, 0x0000000086a00000| Untracked 
|  81|0x0000000086b00000, 0x0000000086b00000, 0x0000000086c00000|  0%| F|  |TAMS 0x0000000086b00000, 0x0000000086b00000| Untracked 
|  82|0x0000000086c00000, 0x0000000086c00000, 0x0000000086d00000|  0%| F|  |TAMS 0x0000000086c00000, 0x0000000086c00000| Untracked 
|  83|0x0000000086d00000, 0x0000000086d00000, 0x0000000086e00000|  0%| F|  |TAMS 0x0000000086d00000, 0x0000000086d00000| Untracked 
|  84|0x0000000086e00000, 0x0000000086e00000, 0x0000000086f00000|  0%| F|  |TAMS 0x0000000086e00000, 0x0000000086e00000| Untracked 
|  85|0x0000000086f00000, 0x0000000087000000, 0x0000000087000000|100%| S|CS|TAMS 0x0000000086f00000, 0x0000000086f00000| Complete 
|  86|0x0000000087000000, 0x0000000087100000, 0x0000000087100000|100%| S|CS|TAMS 0x0000000087000000, 0x0000000087000000| Complete 
|  87|0x0000000087100000, 0x0000000087200000, 0x0000000087200000|100%| S|CS|TAMS 0x0000000087100000, 0x0000000087100000| Complete 
|  88|0x0000000087200000, 0x0000000087300000, 0x0000000087300000|100%| S|CS|TAMS 0x0000000087200000, 0x0000000087200000| Complete 
|  89|0x0000000087300000, 0x0000000087400000, 0x0000000087400000|100%| S|CS|TAMS 0x0000000087300000, 0x0000000087300000| Complete 
|  90|0x0000000087400000, 0x0000000087500000, 0x0000000087500000|100%| S|CS|TAMS 0x0000000087400000, 0x0000000087400000| Complete 
|  91|0x0000000087500000, 0x0000000087600000, 0x0000000087600000|100%| S|CS|TAMS 0x0000000087500000, 0x0000000087500000| Complete 
|  92|0x0000000087600000, 0x0000000087700000, 0x0000000087700000|100%| S|CS|TAMS 0x0000000087600000, 0x0000000087600000| Complete 
|  93|0x0000000087700000, 0x0000000087800000, 0x0000000087800000|100%| S|CS|TAMS 0x0000000087700000, 0x0000000087700000| Complete 
|  94|0x0000000087800000, 0x0000000087800000, 0x0000000087900000|  0%| F|  |TAMS 0x0000000087800000, 0x0000000087800000| Untracked 
|  95|0x0000000087900000, 0x0000000087900000, 0x0000000087a00000|  0%| F|  |TAMS 0x0000000087900000, 0x0000000087900000| Untracked 
|  96|0x0000000087a00000, 0x0000000087a80800, 0x0000000087b00000| 50%| E|  |TAMS 0x0000000087a00000, 0x0000000087a00000| Complete 
|  97|0x0000000087b00000, 0x0000000087c00000, 0x0000000087c00000|100%| E|CS|TAMS 0x0000000087b00000, 0x0000000087b00000| Complete 
|  98|0x0000000087c00000, 0x0000000087d00000, 0x0000000087d00000|100%| E|CS|TAMS 0x0000000087c00000, 0x0000000087c00000| Complete 
|  99|0x0000000087d00000, 0x0000000087e00000, 0x0000000087e00000|100%| E|CS|TAMS 0x0000000087d00000, 0x0000000087d00000| Complete 
| 100|0x0000000087e00000, 0x0000000087f00000, 0x0000000087f00000|100%| E|CS|TAMS 0x0000000087e00000, 0x0000000087e00000| Complete 
| 101|0x0000000087f00000, 0x0000000088000000, 0x0000000088000000|100%| E|CS|TAMS 0x0000000087f00000, 0x0000000087f00000| Complete 
| 102|0x0000000088000000, 0x0000000088100000, 0x0000000088100000|100%| E|CS|TAMS 0x0000000088000000, 0x0000000088000000| Complete 
| 103|0x0000000088100000, 0x0000000088200000, 0x0000000088200000|100%| E|CS|TAMS 0x0000000088100000, 0x0000000088100000| Complete 
| 104|0x0000000088200000, 0x0000000088300000, 0x0000000088300000|100%| E|CS|TAMS 0x0000000088200000, 0x0000000088200000| Complete 
| 105|0x0000000088300000, 0x0000000088400000, 0x0000000088400000|100%| E|CS|TAMS 0x0000000088300000, 0x0000000088300000| Complete 
| 106|0x0000000088400000, 0x0000000088500000, 0x0000000088500000|100%| E|CS|TAMS 0x0000000088400000, 0x0000000088400000| Complete 
| 107|0x0000000088500000, 0x0000000088600000, 0x0000000088600000|100%| E|CS|TAMS 0x0000000088500000, 0x0000000088500000| Complete 
| 108|0x0000000088600000, 0x0000000088700000, 0x0000000088700000|100%| E|CS|TAMS 0x0000000088600000, 0x0000000088600000| Complete 
| 109|0x0000000088700000, 0x0000000088800000, 0x0000000088800000|100%| E|CS|TAMS 0x0000000088700000, 0x0000000088700000| Complete 
| 110|0x0000000088800000, 0x0000000088900000, 0x0000000088900000|100%| E|CS|TAMS 0x0000000088800000, 0x0000000088800000| Complete 
| 111|0x0000000088900000, 0x0000000088a00000, 0x0000000088a00000|100%| E|CS|TAMS 0x0000000088900000, 0x0000000088900000| Complete 
| 112|0x0000000088a00000, 0x0000000088b00000, 0x0000000088b00000|100%| E|CS|TAMS 0x0000000088a00000, 0x0000000088a00000| Complete 
| 113|0x0000000088b00000, 0x0000000088c00000, 0x0000000088c00000|100%| E|CS|TAMS 0x0000000088b00000, 0x0000000088b00000| Complete 
| 114|0x0000000088c00000, 0x0000000088d00000, 0x0000000088d00000|100%| E|CS|TAMS 0x0000000088c00000, 0x0000000088c00000| Complete 
| 115|0x0000000088d00000, 0x0000000088e00000, 0x0000000088e00000|100%| E|CS|TAMS 0x0000000088d00000, 0x0000000088d00000| Complete 
| 116|0x0000000088e00000, 0x0000000088f00000, 0x0000000088f00000|100%| E|CS|TAMS 0x0000000088e00000, 0x0000000088e00000| Complete 
| 117|0x0000000088f00000, 0x0000000089000000, 0x0000000089000000|100%| E|CS|TAMS 0x0000000088f00000, 0x0000000088f00000| Complete 
| 118|0x0000000089000000, 0x0000000089100000, 0x0000000089100000|100%| E|CS|TAMS 0x0000000089000000, 0x0000000089000000| Complete 
| 119|0x0000000089100000, 0x0000000089200000, 0x0000000089200000|100%| E|CS|TAMS 0x0000000089100000, 0x0000000089100000| Complete 
| 120|0x0000000089200000, 0x0000000089300000, 0x0000000089300000|100%| E|CS|TAMS 0x0000000089200000, 0x0000000089200000| Complete 
| 121|0x0000000089300000, 0x0000000089400000, 0x0000000089400000|100%| E|CS|TAMS 0x0000000089300000, 0x0000000089300000| Complete 
| 122|0x0000000089400000, 0x0000000089500000, 0x0000000089500000|100%| E|CS|TAMS 0x0000000089400000, 0x0000000089400000| Complete 
| 123|0x0000000089500000, 0x0000000089600000, 0x0000000089600000|100%| E|CS|TAMS 0x0000000089500000, 0x0000000089500000| Complete 
| 124|0x0000000089600000, 0x0000000089700000, 0x0000000089700000|100%| E|CS|TAMS 0x0000000089600000, 0x0000000089600000| Complete 
| 125|0x0000000089700000, 0x0000000089800000, 0x0000000089800000|100%| E|CS|TAMS 0x0000000089700000, 0x0000000089700000| Complete 
| 126|0x0000000089800000, 0x0000000089900000, 0x0000000089900000|100%| E|CS|TAMS 0x0000000089800000, 0x0000000089800000| Complete 
| 127|0x0000000089900000, 0x0000000089a00000, 0x0000000089a00000|100%| E|CS|TAMS 0x0000000089900000, 0x0000000089900000| Complete 
| 128|0x0000000089a00000, 0x0000000089b00000, 0x0000000089b00000|100%| E|CS|TAMS 0x0000000089a00000, 0x0000000089a00000| Complete 
| 129|0x0000000089b00000, 0x0000000089c00000, 0x0000000089c00000|100%| E|CS|TAMS 0x0000000089b00000, 0x0000000089b00000| Complete 
| 130|0x0000000089c00000, 0x0000000089d00000, 0x0000000089d00000|100%| E|CS|TAMS 0x0000000089c00000, 0x0000000089c00000| Complete 
| 131|0x0000000089d00000, 0x0000000089e00000, 0x0000000089e00000|100%| E|CS|TAMS 0x0000000089d00000, 0x0000000089d00000| Complete 
| 132|0x0000000089e00000, 0x0000000089f00000, 0x0000000089f00000|100%| E|CS|TAMS 0x0000000089e00000, 0x0000000089e00000| Complete 
| 133|0x0000000089f00000, 0x000000008a000000, 0x000000008a000000|100%| E|CS|TAMS 0x0000000089f00000, 0x0000000089f00000| Complete 
| 134|0x000000008a000000, 0x000000008a100000, 0x000000008a100000|100%| E|CS|TAMS 0x000000008a000000, 0x000000008a000000| Complete 
| 135|0x000000008a100000, 0x000000008a200000, 0x000000008a200000|100%| E|CS|TAMS 0x000000008a100000, 0x000000008a100000| Complete 
| 136|0x000000008a200000, 0x000000008a300000, 0x000000008a300000|100%| E|CS|TAMS 0x000000008a200000, 0x000000008a200000| Complete 
| 137|0x000000008a300000, 0x000000008a400000, 0x000000008a400000|100%| E|CS|TAMS 0x000000008a300000, 0x000000008a300000| Complete 
| 138|0x000000008a400000, 0x000000008a500000, 0x000000008a500000|100%| E|CS|TAMS 0x000000008a400000, 0x000000008a400000| Complete 
| 139|0x000000008a500000, 0x000000008a600000, 0x000000008a600000|100%| E|CS|TAMS 0x000000008a500000, 0x000000008a500000| Complete 
| 140|0x000000008a600000, 0x000000008a700000, 0x000000008a700000|100%| E|CS|TAMS 0x000000008a600000, 0x000000008a600000| Complete 
| 141|0x000000008a700000, 0x000000008a800000, 0x000000008a800000|100%| E|CS|TAMS 0x000000008a700000, 0x000000008a700000| Complete 
| 142|0x000000008a800000, 0x000000008a900000, 0x000000008a900000|100%| E|CS|TAMS 0x000000008a800000, 0x000000008a800000| Complete 
| 143|0x000000008a900000, 0x000000008aa00000, 0x000000008aa00000|100%| E|CS|TAMS 0x000000008a900000, 0x000000008a900000| Complete 
| 144|0x000000008aa00000, 0x000000008ab00000, 0x000000008ab00000|100%| E|CS|TAMS 0x000000008aa00000, 0x000000008aa00000| Complete 
| 145|0x000000008ab00000, 0x000000008ac00000, 0x000000008ac00000|100%| E|CS|TAMS 0x000000008ab00000, 0x000000008ab00000| Complete 
| 146|0x000000008ac00000, 0x000000008ad00000, 0x000000008ad00000|100%| E|CS|TAMS 0x000000008ac00000, 0x000000008ac00000| Complete 
| 147|0x000000008ad00000, 0x000000008ae00000, 0x000000008ae00000|100%| E|CS|TAMS 0x000000008ad00000, 0x000000008ad00000| Complete 
| 148|0x000000008ae00000, 0x000000008af00000, 0x000000008af00000|100%| E|CS|TAMS 0x000000008ae00000, 0x000000008ae00000| Complete 
| 149|0x000000008af00000, 0x000000008b000000, 0x000000008b000000|100%| E|CS|TAMS 0x000000008af00000, 0x000000008af00000| Complete 
| 150|0x000000008b000000, 0x000000008b100000, 0x000000008b100000|100%| E|CS|TAMS 0x000000008b000000, 0x000000008b000000| Complete 
| 151|0x000000008b100000, 0x000000008b200000, 0x000000008b200000|100%| E|CS|TAMS 0x000000008b100000, 0x000000008b100000| Complete 
| 152|0x000000008b200000, 0x000000008b300000, 0x000000008b300000|100%| E|CS|TAMS 0x000000008b200000, 0x000000008b200000| Complete 
| 153|0x000000008b300000, 0x000000008b400000, 0x000000008b400000|100%| E|CS|TAMS 0x000000008b300000, 0x000000008b300000| Complete 

Card table byte_map: [0x0000014873730000,0x0000014873b30000] _byte_map_base: 0x0000014873323000

Marking Bits (Prev, Next): (CMBitMap*) 0x000001485e62ac78, (CMBitMap*) 0x000001485e62acb0
 Prev Bits: [0x0000014873f30000, 0x0000014875ec8000)
 Next Bits: [0x0000014875ed0000, 0x0000014877e68000)

Polling page: 0x00000148638a0000

Metaspace:

Usage:
  Non-class:     48.14 MB capacity,    47.81 MB (>99%) used,   257.64 KB ( <1%) free+waste,    76.69 KB ( <1%) overhead. 
      Class:      6.41 MB capacity,     6.21 MB ( 97%) used,   176.88 KB (  3%) free+waste,    31.06 KB ( <1%) overhead. 
       Both:     54.55 MB capacity,    54.02 MB (>99%) used,   434.52 KB ( <1%) free+waste,   107.75 KB ( <1%) overhead. 

Virtual space:
  Non-class space:       50.00 MB reserved,      48.25 MB ( 97%) committed 
      Class space:        1.00 GB reserved,       6.50 MB ( <1%) committed 
             Both:        1.05 GB reserved,      54.75 MB (  5%) committed 

Chunk freelists:
   Non-Class:  115.00 KB
       Class:  27.00 KB
        Both:  142.00 KB

MaxMetaspaceSize: 17179869184.00 GB
CompressedClassSpaceSize: 1.00 GB

CodeHeap 'non-profiled nmethods': size=120000Kb used=2003Kb max_used=2003Kb free=117996Kb
 bounds [0x000001486b390000, 0x000001486b600000, 0x00000148728c0000]
CodeHeap 'profiled nmethods': size=120000Kb used=11191Kb max_used=11191Kb free=108808Kb
 bounds [0x0000014863e60000, 0x0000014864950000, 0x000001486b390000]
CodeHeap 'non-nmethods': size=5760Kb used=1229Kb max_used=1246Kb free=4530Kb
 bounds [0x00000148638c0000, 0x0000014863b30000, 0x0000014863e60000]
 total_blobs=5655 nmethods=5058 adapters=507
 compilation: enabled
              stopped_count=0, restarted_count=0
 full_count=0

Compilation events (20 events):
Event: 6.685 Thread 0x000001487a96c800 nmethod 5088 0x000001486492ef90 code [0x000001486492f140, 0x000001486492f268]
Event: 6.685 Thread 0x000001487a96c800 5089       2       org.jetbrains.kotlin.metadata.ProtoBuf$Class::getProperty (14 bytes)
Event: 6.685 Thread 0x000001487a96c800 nmethod 5089 0x000001486492f310 code [0x000001486492f4c0, 0x000001486492f608]
Event: 6.685 Thread 0x000001487a96c800 5085       2       org.jetbrains.kotlin.load.java.lazy.ContextKt::childForClassOrPackage (42 bytes)
Event: 6.686 Thread 0x000001487a96c800 nmethod 5085 0x000001486492f710 code [0x000001486492f960, 0x000001486492ff38]
Event: 6.686 Thread 0x000001487a96c800 5090       2       org.jetbrains.kotlin.descriptors.PackageFragmentProviderKt::packageFragments (36 bytes)
Event: 6.687 Thread 0x000001487a96c800 nmethod 5090 0x0000014864930290 code [0x00000148649304e0, 0x00000148649309c8]
Event: 6.687 Thread 0x000001487a96c800 5091       2       org.jetbrains.kotlin.serialization.deserialization.ClassDeserializer::deserializeClass (28 bytes)
Event: 6.688 Thread 0x000001487a96c800 nmethod 5091 0x0000014864930d10 code [0x0000014864930f60, 0x0000014864931548]
Event: 6.688 Thread 0x000001487a96c800 5092       2       kotlin.sequences.SequencesKt___SequencesKt::firstOrNull (31 bytes)
Event: 6.689 Thread 0x000001487a96c800 nmethod 5092 0x0000014864931890 code [0x0000014864931aa0, 0x0000014864931da8]
Event: 6.689 Thread 0x000001487a96c800 5098       2       org.jetbrains.kotlin.metadata.ProtoBuf$VersionRequirementTable::getDefaultInstance (4 bytes)
Event: 6.689 Thread 0x000001487a96c800 nmethod 5098 0x0000014864931f90 code [0x0000014864932140, 0x0000014864932218]
Event: 6.689 Thread 0x000001487a96c800 5095       2       org.jetbrains.kotlin.metadata.ProtoBuf$Class::getSupertypeCount (10 bytes)
Event: 6.689 Thread 0x000001487a96c800 nmethod 5095 0x0000014864932290 code [0x0000014864932440, 0x0000014864932568]
Event: 6.689 Thread 0x000001487a96c800 5093       2       org.jetbrains.kotlin.load.kotlin.FileBasedKotlinClass$3::visit (65 bytes)
Event: 6.689 Thread 0x000001487a96c800 nmethod 5093 0x0000014864932610 code [0x0000014864932840, 0x0000014864932d38]
Event: 6.689 Thread 0x000001487a96c800 5094       2       org.jetbrains.kotlin.load.kotlin.header.ReadKotlinClassHeaderAnnotationVisitor$KotlinMetadataArgumentVisitor::visit (175 bytes)
Event: 6.690 Thread 0x000001487a96c800 nmethod 5094 0x0000014864932f90 code [0x0000014864933200, 0x0000014864933998]
Event: 6.690 Thread 0x000001487a96c800 5100       2       org.jetbrains.org.objectweb.asm.ClassReader::accept (1380 bytes)

GC Heap History (12 events):
Event: 1.047 GC heap before
{Heap before GC invocations=0 (full 0):
 garbage-first heap   total 131072K, used 27648K [0x0000000081a00000, 0x0000000100000000)
  region size 1024K, 24 young (24576K), 0 survivors (0K)
 Metaspace       used 12339K, capacity 12405K, committed 12544K, reserved 1060864K
  class space    used 1158K, capacity 1174K, committed 1280K, reserved 1048576K
}
Event: 1.053 GC heap after
{Heap after GC invocations=1 (full 0):
 garbage-first heap   total 131072K, used 5671K [0x0000000081a00000, 0x0000000100000000)
  region size 1024K, 3 young (3072K), 3 survivors (3072K)
 Metaspace       used 12339K, capacity 12405K, committed 12544K, reserved 1060864K
  class space    used 1158K, capacity 1174K, committed 1280K, reserved 1048576K
}
Event: 2.108 GC heap before
{Heap before GC invocations=1 (full 0):
 garbage-first heap   total 131072K, used 42535K [0x0000000081a00000, 0x0000000100000000)
  region size 1024K, 40 young (40960K), 3 survivors (3072K)
 Metaspace       used 20977K, capacity 21148K, committed 21248K, reserved 1069056K
  class space    used 2215K, capacity 2278K, committed 2304K, reserved 1048576K
}
Event: 2.128 GC heap after
{Heap after GC invocations=2 (full 0):
 garbage-first heap   total 131072K, used 9439K [0x0000000081a00000, 0x0000000100000000)
  region size 1024K, 7 young (7168K), 7 survivors (7168K)
 Metaspace       used 20977K, capacity 21148K, committed 21248K, reserved 1069056K
  class space    used 2215K, capacity 2278K, committed 2304K, reserved 1048576K
}
Event: 3.151 GC heap before
{Heap before GC invocations=3 (full 0):
 garbage-first heap   total 131072K, used 70879K [0x0000000081a00000, 0x0000000100000000)
  region size 1024K, 55 young (56320K), 7 survivors (7168K)
 Metaspace       used 31674K, capacity 32110K, committed 32384K, reserved 1077248K
  class space    used 3950K, capacity 4114K, committed 4224K, reserved 1048576K
}
Event: 3.171 GC heap after
{Heap after GC invocations=4 (full 0):
 garbage-first heap   total 131072K, used 23696K [0x0000000081a00000, 0x0000000100000000)
  region size 1024K, 6 young (6144K), 6 survivors (6144K)
 Metaspace       used 31674K, capacity 32110K, committed 32384K, reserved 1077248K
  class space    used 3950K, capacity 4114K, committed 4224K, reserved 1048576K
}
Event: 3.438 GC heap before
{Heap before GC invocations=4 (full 0):
 garbage-first heap   total 131072K, used 39056K [0x0000000081a00000, 0x0000000100000000)
  region size 1024K, 22 young (22528K), 6 survivors (6144K)
 Metaspace       used 35060K, capacity 35449K, committed 35584K, reserved 1081344K
  class space    used 4327K, capacity 4502K, committed 4608K, reserved 1048576K
}
Event: 3.459 GC heap after
{Heap after GC invocations=5 (full 0):
 garbage-first heap   total 131072K, used 25538K [0x0000000081a00000, 0x0000000100000000)
  region size 1024K, 2 young (2048K), 2 survivors (2048K)
 Metaspace       used 35060K, capacity 35449K, committed 35584K, reserved 1081344K
  class space    used 4327K, capacity 4502K, committed 4608K, reserved 1048576K
}
Event: 4.477 GC heap before
{Heap before GC invocations=6 (full 0):
 garbage-first heap   total 131072K, used 73666K [0x0000000081a00000, 0x0000000100000000)
  region size 1024K, 49 young (50176K), 2 survivors (2048K)
 Metaspace       used 44947K, capacity 45416K, committed 45568K, reserved 1089536K
  class space    used 5366K, capacity 5541K, committed 5632K, reserved 1048576K
}
Event: 4.489 GC heap after
{Heap after GC invocations=7 (full 0):
 garbage-first heap   total 157696K, used 29721K [0x0000000081a00000, 0x0000000100000000)
  region size 1024K, 6 young (6144K), 6 survivors (6144K)
 Metaspace       used 44947K, capacity 45416K, committed 45568K, reserved 1089536K
  class space    used 5366K, capacity 5541K, committed 5632K, reserved 1048576K
}
Event: 5.673 GC heap before
{Heap before GC invocations=7 (full 0):
 garbage-first heap   total 157696K, used 92185K [0x0000000081a00000, 0x0000000100000000)
  region size 1024K, 66 young (67584K), 6 survivors (6144K)
 Metaspace       used 48898K, capacity 49439K, committed 49664K, reserved 1093632K
  class space    used 5660K, capacity 5835K, committed 5888K, reserved 1048576K
}
Event: 5.701 GC heap after
{Heap after GC invocations=8 (full 0):
 garbage-first heap   total 157696K, used 37120K [0x0000000081a00000, 0x0000000100000000)
  region size 1024K, 9 young (9216K), 9 survivors (9216K)
 Metaspace       used 48898K, capacity 49439K, committed 49664K, reserved 1093632K
  class space    used 5660K, capacity 5835K, committed 5888K, reserved 1048576K
}

Deoptimization events (20 events):
Event: 6.441 Thread 0x000001485e5eb000 DEOPT PACKING pc=0x000001486b55c864 sp=0x0000003b319fb020
Event: 6.441 Thread 0x000001485e5eb000 DEOPT UNPACKING pc=0x00000148638e662f sp=0x0000003b319faff0 mode 2
Event: 6.488 Thread 0x000001485e5eb000 Uncommon trap: trap_request=0xffffff4d fr.pc=0x000001486b3e794c relative=0x000000000000020c
Event: 6.488 Thread 0x000001485e5eb000 Uncommon trap: reason=unstable_if action=reinterpret pc=0x000001486b3e794c method=java.util.HashMap.hash(Ljava/lang/Object;)I @ 1 c2
Event: 6.488 Thread 0x000001485e5eb000 DEOPT PACKING pc=0x000001486b3e794c sp=0x0000003b319fe440
Event: 6.488 Thread 0x000001485e5eb000 DEOPT UNPACKING pc=0x00000148638e662f sp=0x0000003b319fe378 mode 2
Event: 6.498 Thread 0x000001485e5eb000 Uncommon trap: trap_request=0xffffffc6 fr.pc=0x000001486b460514 relative=0x0000000000000074
Event: 6.498 Thread 0x000001485e5eb000 Uncommon trap: reason=bimorphic_or_optimized_type_check action=maybe_recompile pc=0x000001486b460514 method=java.util.Collections$UnmodifiableCollection.size()I @ 4 c2
Event: 6.498 Thread 0x000001485e5eb000 DEOPT PACKING pc=0x000001486b460514 sp=0x0000003b319fd630
Event: 6.498 Thread 0x000001485e5eb000 DEOPT UNPACKING pc=0x00000148638e662f sp=0x0000003b319fd5b8 mode 2
Event: 6.498 Thread 0x000001485e5eb000 Uncommon trap: trap_request=0xffffffc6 fr.pc=0x000001486b460514 relative=0x0000000000000074
Event: 6.498 Thread 0x000001485e5eb000 Uncommon trap: reason=bimorphic_or_optimized_type_check action=maybe_recompile pc=0x000001486b460514 method=java.util.Collections$UnmodifiableCollection.size()I @ 4 c2
Event: 6.498 Thread 0x000001485e5eb000 DEOPT PACKING pc=0x000001486b460514 sp=0x0000003b319fd630
Event: 6.498 Thread 0x000001485e5eb000 DEOPT UNPACKING pc=0x00000148638e662f sp=0x0000003b319fd5b8 mode 2
Event: 6.498 Thread 0x000001485e5eb000 Uncommon trap: trap_request=0xffffffc6 fr.pc=0x000001486b460514 relative=0x0000000000000074
Event: 6.498 Thread 0x000001485e5eb000 Uncommon trap: reason=bimorphic_or_optimized_type_check action=maybe_recompile pc=0x000001486b460514 method=java.util.Collections$UnmodifiableCollection.size()I @ 4 c2
Event: 6.498 Thread 0x000001485e5eb000 DEOPT PACKING pc=0x000001486b460514 sp=0x0000003b319fda90
Event: 6.498 Thread 0x000001485e5eb000 DEOPT UNPACKING pc=0x00000148638e662f sp=0x0000003b319fda18 mode 2
Event: 6.691 Thread 0x000001485e5eb000 DEOPT PACKING pc=0x00000148641b97db sp=0x0000003b319fd2f0
Event: 6.691 Thread 0x000001485e5eb000 DEOPT UNPACKING pc=0x00000148638e6dde sp=0x0000003b319fc768 mode 0

Classes redefined (0 events):
No events

Internal exceptions (20 events):
Event: 2.390 Thread 0x000001485e5eb000 Exception <a 'java/lang/NoSuchMethodError'{0x0000000088fa6b20}: 'java.lang.Object java.lang.invoke.DirectMethodHandle$Holder.invokeSpecial(java.lang.Object, java.lang.Object, int, int, java.lang.Object, java.lang.Object, java.lang.Object)'> (0x0000000088fa6b20) thrown at [./src/hotspot/share/interpreter/linkResolver.cpp, line 773]
Event: 2.390 Thread 0x000001485e5eb000 Exception <a 'java/lang/NoSuchMethodError'{0x0000000088faa358}: 'java.lang.Object java.lang.invoke.DelegatingMethodHandle$Holder.reinvoke_L(java.lang.Object, int, int, java.lang.Object, java.lang.Object, java.lang.Object)'> (0x0000000088faa358) thrown at [./src/hotspot/share/interpreter/linkResolver.cpp, line 773]
Event: 2.391 Thread 0x000001485e5eb000 Exception <a 'java/lang/NoSuchMethodError'{0x0000000088fae6e0}: 'java.lang.Object java.lang.invoke.DirectMethodHandle$Holder.invokeStatic(java.lang.Object, java.lang.Object, java.lang.Object, java.lang.Object, int)'> (0x0000000088fae6e0) thrown at [./src/hotspot/share/interpreter/linkResolver.cpp, line 773]
Event: 2.439 Thread 0x000001485e5eb000 Implicit null exception at 0x000001486b41632c to 0x000001486b4164da
Event: 2.482 Thread 0x000001485e5eb000 Exception <a 'java/lang/NoSuchMethodError'{0x000000008892c868}: 'void java.lang.invoke.DirectMethodHandle$Holder.invokeStatic(java.lang.Object, java.lang.Object, java.lang.Object, java.lang.Object)'> (0x000000008892c868) thrown at [./src/hotspot/share/interpreter/linkResolver.cpp, line 773]
Event: 2.507 Thread 0x000001485e5eb000 Exception <a 'java/lang/NoSuchMethodError'{0x000000008887b448}: 'void java.lang.invoke.DirectMethodHandle$Holder.invokeSpecial(java.lang.Object, java.lang.Object)'> (0x000000008887b448) thrown at [./src/hotspot/share/interpreter/linkResolver.cpp, line 773]
Event: 2.546 Thread 0x000001485e5eb000 Exception <a 'java/lang/NoSuchMethodError'{0x000000008851cf68}: 'void java.lang.invoke.DirectMethodHandle$Holder.invokeStaticInit(java.lang.Object, java.lang.Object)'> (0x000000008851cf68) thrown at [./src/hotspot/share/interpreter/linkResolver.cpp, line 773]
Event: 2.555 Thread 0x000001485e5eb000 Exception <a 'java/lang/NoSuchMethodError'{0x000000008855b3e0}: 'void java.lang.invoke.DirectMethodHandle$Holder.invokeInterface(java.lang.Object, java.lang.Object)'> (0x000000008855b3e0) thrown at [./src/hotspot/share/interpreter/linkResolver.cpp, line 773]
Event: 2.633 Thread 0x000001485e5eb000 Exception <a 'java/lang/NoSuchMethodError'{0x0000000088175b48}: 'void java.lang.invoke.DirectMethodHandle$Holder.invokeVirtual(java.lang.Object, java.lang.Object)'> (0x0000000088175b48) thrown at [./src/hotspot/share/interpreter/linkResolver.cpp, line 773]
Event: 2.643 Thread 0x000001485e5eb000 Exception <a 'java/lang/NoSuchMethodError'{0x00000000881ece60}: 'int java.lang.invoke.DirectMethodHandle$Holder.invokeVirtual(java.lang.Object, java.lang.Object)'> (0x00000000881ece60) thrown at [./src/hotspot/share/interpreter/linkResolver.cpp, line 773]
Event: 3.363 Thread 0x000001485e5eb000 Exception <a 'java/lang/NoSuchMethodError'{0x0000000088fee6d8}: 'java.lang.Object java.lang.invoke.DirectMethodHandle$Holder.invokeVirtual(java.lang.Object, java.lang.Object, java.lang.Object)'> (0x0000000088fee6d8) thrown at [./src/hotspot/share/interpreter/linkResolver.cpp, line 773]
Event: 4.187 Thread 0x000001485e5eb000 Exception <a 'java/lang/NoSuchMethodError'{0x00000000874374f8}: 'java.lang.Object java.lang.invoke.DirectMethodHandle$Holder.invokeStatic(java.lang.Object, java.lang.Object, java.lang.Object, int)'> (0x00000000874374f8) thrown at [./src/hotspot/share/interpreter/linkResolver.cpp, line 773]
Event: 4.187 Thread 0x000001485e5eb000 Exception <a 'java/lang/NoSuchMethodError'{0x000000008743b168}: 'java.lang.Object java.lang.invoke.DirectMethodHandle$Holder.invokeSpecial(java.lang.Object, java.lang.Object, java.lang.Object, java.lang.Object, int)'> (0x000000008743b168) thrown at [./src/hotspot/share/interpreter/linkResolver.cpp, line 773]
Event: 4.187 Thread 0x000001485e5eb000 Exception <a 'java/lang/NoSuchMethodError'{0x000000008743e478}: 'java.lang.Object java.lang.invoke.Invokers$Holder.linkToTargetMethod(java.lang.Object, java.lang.Object, int, java.lang.Object)'> (0x000000008743e478) thrown at [./src/hotspot/share/interpreter/linkResolver.cpp, line 773]
Event: 4.379 Thread 0x000001485e5eb000 Exception <a 'java/lang/NoSuchMethodError'{0x0000000086df4410}: 'java.lang.Object java.lang.invoke.Invokers$Holder.linkToTargetMethod(java.lang.Object, int, java.lang.Object)'> (0x0000000086df4410) thrown at [./src/hotspot/share/interpreter/linkResolver.cpp, line 773]
Event: 5.207 Thread 0x000001485e5eb000 Exception <a 'java/lang/NoSuchMethodError'{0x0000000088723d50}: 'java.lang.Object java.lang.invoke.DirectMethodHandle$Holder.invokeStaticInit(java.lang.Object, java.lang.Object, java.lang.Object)'> (0x0000000088723d50) thrown at [./src/hotspot/share/interpreter/linkResolver.cpp, line 773]
Event: 6.230 Thread 0x000001485e5eb000 Implicit null exception at 0x000001486b3ece5e to 0x000001486b3ed5ca
Event: 6.230 Thread 0x000001485e5eb000 Implicit null exception at 0x000001486b3ecaaf to 0x000001486b3ecb1d
Event: 6.256 Thread 0x000001485e5eb000 Exception <a 'java/lang/NoSuchMethodError'{0x00000000897e7e30}: 'java.lang.Object java.lang.invoke.Invokers$Holder.linkToTargetMethod(java.lang.Object, java.lang.Object, java.lang.Object, java.lang.Object, java.lang.Object, java.lang.Object)'> (0x00000000897e7e30) thrown at [./src/hotspot/share/interpreter/linkResolver.cpp, line 773]
Event: 6.488 Thread 0x000001485e5eb000 Implicit null exception at 0x000001486b3e7775 to 0x000001486b3e793c

Events (20 events):
Event: 6.693 loading class org/jetbrains/kotlin/ir/descriptors/IrSimpleBuiltinOperatorDescriptorImpl
Event: 6.693 loading class org/jetbrains/kotlin/ir/descriptors/IrSimpleBuiltinOperatorDescriptorImpl done
Event: 6.693 loading class org/jetbrains/kotlin/ir/descriptors/IrBuiltinOperatorDescriptor
Event: 6.693 loading class org/jetbrains/kotlin/ir/descriptors/IrBuiltinOperatorDescriptor done
Event: 6.694 loading class org/jetbrains/kotlin/ir/descriptors/IrBuiltinOperatorDescriptorBase
Event: 6.694 loading class org/jetbrains/kotlin/ir/descriptors/IrBuiltinOperatorDescriptorBase done
Event: 6.694 Executing VM operation: Deoptimize
Event: 6.695 Executing VM operation: Deoptimize done
Event: 6.695 loading class org/jetbrains/kotlin/ir/descriptors/IrBuiltinValueParameterDescriptorImpl
Event: 6.695 loading class org/jetbrains/kotlin/ir/descriptors/IrBuiltinValueParameterDescriptorImpl done
Event: 6.696 loading class org/jetbrains/kotlin/ir/descriptors/IrBuiltinValueParameterDescriptor
Event: 6.696 loading class org/jetbrains/kotlin/ir/descriptors/IrBuiltinValueParameterDescriptor done
Event: 6.696 Executing VM operation: Deoptimize
Event: 6.697 Executing VM operation: Deoptimize done
Event: 6.697 loading class org/jetbrains/kotlin/ir/descriptors/IrBuiltIns$defineOperator$symbol$1
Event: 6.697 loading class org/jetbrains/kotlin/ir/descriptors/IrBuiltIns$defineOperator$symbol$1 done
Event: 6.698 loading class org/jetbrains/kotlin/ir/util/KotlinMangler$DefaultImpls
Event: 6.698 loading class org/jetbrains/kotlin/ir/util/KotlinMangler$DefaultImpls done
Event: 6.699 loading class org/jetbrains/kotlin/backend/common/serialization/mangle/MangleMode
Event: 6.699 loading class org/jetbrains/kotlin/backend/common/serialization/mangle/MangleMode done


Dynamic libraries:
0x00007ff6a82e0000 - 0x00007ff6a82ea000 	C:\Program Files\Android\Android Studio\jre\bin\java.exe
0x00007ffe439f0000 - 0x00007ffe43be5000 	C:\Windows\SYSTEM32\ntdll.dll
0x00007ffe43880000 - 0x00007ffe4393e000 	C:\Windows\System32\KERNEL32.DLL
0x00007ffe41470000 - 0x00007ffe41738000 	C:\Windows\System32\KERNELBASE.dll
0x00007ffe41370000 - 0x00007ffe41470000 	C:\Windows\System32\ucrtbase.dll
0x00007ffe35c10000 - 0x00007ffe35c27000 	C:\Program Files\Android\Android Studio\jre\bin\VCRUNTIME140.dll
0x00007ffe35bf0000 - 0x00007ffe35c09000 	C:\Program Files\Android\Android Studio\jre\bin\jli.dll
0x00007ffe43350000 - 0x00007ffe434f0000 	C:\Windows\System32\USER32.dll
0x00007ffe26310000 - 0x00007ffe265aa000 	C:\Windows\WinSxS\amd64_microsoft.windows.common-controls_6595b64144ccf1df_6.0.19041.1110_none_60b5254171f9507e\COMCTL32.dll
0x00007ffe412f0000 - 0x00007ffe41312000 	C:\Windows\System32\win32u.dll
0x00007ffe42940000 - 0x00007ffe429de000 	C:\Windows\System32\msvcrt.dll
0x00007ffe42ac0000 - 0x00007ffe42aeb000 	C:\Windows\System32\GDI32.dll
0x00007ffe417e0000 - 0x00007ffe418ed000 	C:\Windows\System32\gdi32full.dll
0x00007ffe418f0000 - 0x00007ffe4198d000 	C:\Windows\System32\msvcp_win.dll
0x00007ffe42a90000 - 0x00007ffe42ac0000 	C:\Windows\System32\IMM32.DLL
0x00007ffe1e440000 - 0x00007ffe1e4dd000 	C:\Program Files\Android\Android Studio\jre\bin\msvcp140.dll
0x00007ffe11f20000 - 0x00007ffe129f5000 	C:\Program Files\Android\Android Studio\jre\bin\server\jvm.dll
0x00007ffe43230000 - 0x00007ffe432de000 	C:\Windows\System32\ADVAPI32.dll
0x00007ffe437e0000 - 0x00007ffe4387c000 	C:\Windows\System32\sechost.dll
0x00007ffe424b0000 - 0x00007ffe425d5000 	C:\Windows\System32\RPCRT4.dll
0x00007ffe439a0000 - 0x00007ffe439a8000 	C:\Windows\System32\PSAPI.DLL
0x00007ffe2a050000 - 0x00007ffe2a059000 	C:\Windows\SYSTEM32\WSOCK32.dll
0x00007ffe1f4f0000 - 0x00007ffe1f517000 	C:\Windows\SYSTEM32\WINMM.dll
0x00007ffe432e0000 - 0x00007ffe4334b000 	C:\Windows\System32\WS2_32.dll
0x00007ffe37490000 - 0x00007ffe3749a000 	C:\Windows\SYSTEM32\VERSION.dll
0x00007ffe3f9d0000 - 0x00007ffe3f9e2000 	C:\Windows\SYSTEM32\kernel.appcore.dll
0x00007ffe39720000 - 0x00007ffe39731000 	C:\Program Files\Android\Android Studio\jre\bin\verify.dll
0x00007ffe3bd50000 - 0x00007ffe3bf34000 	C:\Windows\SYSTEM32\DBGHELP.DLL
0x00007ffe27780000 - 0x00007ffe277ac000 	C:\Windows\SYSTEM32\dbgcore.DLL
0x00007ffe41100000 - 0x00007ffe41182000 	C:\Windows\System32\bcryptPrimitives.dll
0x00007ffe37ee0000 - 0x00007ffe37f09000 	C:\Program Files\Android\Android Studio\jre\bin\java.dll
0x00007ffe3b450000 - 0x00007ffe3b45b000 	C:\Program Files\Android\Android Studio\jre\bin\jimage.dll
0x00007ffe38290000 - 0x00007ffe382a8000 	C:\Program Files\Android\Android Studio\jre\bin\zip.dll
0x00007ffe41d60000 - 0x00007ffe424a4000 	C:\Windows\System32\SHELL32.dll
0x00007ffe3c090000 - 0x00007ffe3c824000 	C:\Windows\SYSTEM32\windows.storage.dll
0x00007ffe425e0000 - 0x00007ffe42935000 	C:\Windows\System32\combase.dll
0x00007ffe40a80000 - 0x00007ffe40aae000 	C:\Windows\SYSTEM32\Wldp.dll
0x00007ffe42b80000 - 0x00007ffe42c2d000 	C:\Windows\System32\SHCORE.dll
0x00007ffe43940000 - 0x00007ffe43995000 	C:\Windows\System32\shlwapi.dll
0x00007ffe41040000 - 0x00007ffe4105f000 	C:\Windows\SYSTEM32\profapi.dll
0x00007ffe37d10000 - 0x00007ffe37d2a000 	C:\Program Files\Android\Android Studio\jre\bin\net.dll
0x00007ffe30c00000 - 0x00007ffe30d0c000 	C:\Windows\SYSTEM32\WINHTTP.dll
0x00007ffe407e0000 - 0x00007ffe4084a000 	C:\Windows\system32\mswsock.dll
0x00007ffe37b40000 - 0x00007ffe37b54000 	C:\Program Files\Android\Android Studio\jre\bin\nio.dll

dbghelp: loaded successfully - version: 4.0.5 - missing functions: none
symbol engine: initialized successfully - sym options: 0x614 - pdb path: .;C:\Program Files\Android\Android Studio\jre\bin;C:\Windows\SYSTEM32;C:\Windows\WinSxS\amd64_microsoft.windows.common-controls_6595b64144ccf1df_6.0.19041.1110_none_60b5254171f9507e;C:\Program Files\Android\Android Studio\jre\bin\server

VM Arguments:
java_command: org.jetbrains.kotlin.cli.jvm.K2JVMCompiler @C:\Users\Sharon\Android Course\e1\app\build\20220226_10427297544102085924.compiler.options
java_class_path (initial): C:\Users\Sharon\.gradle\caches\modules-2\files-2.1\org.jetbrains.kotlin\kotlin-compiler-embeddable\1.5.30\3362a354066df1578a057c200da23cf2a1d8144f\kotlin-compiler-embeddable-1.5.30.jar;C:\Users\Sharon\.gradle\caches\modules-2\files-2.1\org.jetbrains.kotlin\kotlin-reflect\1.5.30\6773e974437dd6432aa646cc2f8ab71de42b5773\kotlin-reflect-1.5.30.jar;C:\Users\Sharon\.gradle\caches\modules-2\files-2.1\org.jetbrains.kotlin\kotlin-stdlib\1.5.30\d68efdea04955974ac1020f8f66ef8176bfbce1f\kotlin-stdlib-1.5.30.jar;C:\Users\Sharon\.gradle\caches\modules-2\files-2.1\org.jetbrains.kotlin\kotlin-script-runtime\1.5.30\10697ab20bfd2f1b23baa91306950c36c4e89a8d\kotlin-script-runtime-1.5.30.jar;C:\Users\Sharon\.gradle\caches\modules-2\files-2.1\org.jetbrains.kotlin\kotlin-daemon-embeddable\1.5.30\e355dc9011e559a475608265607948109e113ae0\kotlin-daemon-embeddable-1.5.30.jar;C:\Users\Sharon\.gradle\caches\modules-2\files-2.1\org.jetbrains.intellij.deps\trove4j\1.0.20181211\216c2e14b070f334479d800987affe4054cd563f\trove4j-1.0.20181211.jar;C:\Users\Sharon\.gradle\caches\modules-2\files-2.1\org.jetbrains\annotations\13.0\919f0dfe192fb4e063e7dacadee7f8bb9a2672a9\annotations-13.0.jar;C:\Users\Sharon\.gradle\caches\modules-2\files-2.1\org.jetbrains.kotlin\kotlin-stdlib-common\1.5.30\649ffab7767038323fec0cc41e2d7b0a8f65a378\kotlin-stdlib-common-1.5.30.jar
Launcher Type: SUN_STANDARD

[Global flags]
     intx CICompilerCount                          = 4                                         {product} {ergonomic}
     uint ConcGCThreads                            = 2                                         {product} {ergonomic}
     uint G1ConcRefinementThreads                  = 8                                         {product} {ergonomic}
   size_t G1HeapRegionSize                         = 1048576                                   {product} {ergonomic}
    uintx GCDrainStackTargetSize                   = 64                                        {product} {ergonomic}
   size_t InitialHeapSize                          = 134217728                                 {product} {ergonomic}
   size_t MarkStackSize                            = 4194304                                   {product} {ergonomic}
   size_t MaxHeapSize                              = 2120220672                                {product} {ergonomic}
   size_t MaxNewSize                               = 1271922688                                {product} {ergonomic}
   size_t MinHeapDeltaBytes                        = 1048576                                   {product} {ergonomic}
    uintx NonNMethodCodeHeapSize                   = 5836300                                {pd product} {ergonomic}
    uintx NonProfiledCodeHeapSize                  = 122910970                              {pd product} {ergonomic}
    uintx ProfiledCodeHeapSize                     = 122910970                              {pd product} {ergonomic}
    uintx ReservedCodeCacheSize                    = 251658240                              {pd product} {ergonomic}
     bool SegmentedCodeCache                       = true                                      {product} {ergonomic}
     bool UseCompressedClassPointers               = true                                 {lp64_product} {ergonomic}
     bool UseCompressedOops                        = true                                 {lp64_product} {ergonomic}
     bool UseG1GC                                  = true                                      {product} {ergonomic}
     bool UseLargePagesIndividualAllocation        = false                                  {pd product} {ergonomic}

Logging:
Log output configuration:
 #0: stdout all=warning uptime,level,tags
 #1: stderr all=off uptime,level,tags

Environment Variables:
PATH=C:\Program Files (x86)\Common Files\Oracle\Java\javapath;C:\Windows\system32;C:\Windows;C:\Windows\System32\Wbem;C:\Windows\System32\WindowsPowerShell\v1.0\;C:\Windows\System32\OpenSSH\;C:\Program Files (x86)\Mercedes-Benz\DAS\bus\EVODLFPS\Program;C:\Program Files (x86)\Mercedes-Benz\DAS\bus\AUTOPARA\Program;C:\Program Files (x86)\Mercedes-Benz\DAS\Bus\EVOZRDL\Program;C:\Program Files (x86)\Mercedes-Benz\DAS\Bus\EVODMDL\Program;C:\Program Files (x86)\Mercedes-Benz\DAS\Bus\EVOHLKDL\Program;C:\Program Files (x86)\Mercedes-Benz\lib\;C:\Program Files (x86)\Mercedes-Benz\DAS\Tipscall;C:\Program Files\dotnet\;C:\Program Files\Microsoft SQL Server\130\Tools\Binn\;C:\Program Files\Git\cmd;C:\Users\Sharon\AppData\Local\Microsoft\WindowsApps;
USERNAME=Sharon
OS=Windows_NT
PROCESSOR_IDENTIFIER=Intel64 Family 6 Model 142 Stepping 10, GenuineIntel



---------------  S Y S T E M  ---------------

OS: Windows 10 , 64 bit Build 19041 (10.0.19041.1503)
OS uptime: 1 days 21:06 hours

CPU:total 8 (initial active 8) (4 cores per cpu, 2 threads per core) family 6 model 142 stepping 10 microcode 0xea, cmov, cx8, fxsr, mmx, sse, sse2, sse3, ssse3, sse4.1, sse4.2, popcnt, avx, avx2, aes, clmul, erms, 3dnowpref, lzcnt, ht, tsc, tscinvbit, bmi1, bmi2, adx, fma

Memory: 4k page, system-wide physical 8083M (406M free)
TotalPageFile size 8083M (AvailPageFile size 6M)
current process WorkingSet (physical memory assigned to process): 287M, peak: 289M
current process commit charge ("private bytes"): 366M, peak: 368M

vm_info: OpenJDK 64-Bit Server VM (11.0.11+9-b60-7590822) for windows-amd64 JRE (11.0.11+9-b60-7590822), built on Jul 29 2021 21:43:44 by "builder" with MS VC++ 14.0 (VS2015)

END.
